10:57:08.861 [main] INFO  f.p.console.PizzeriaAdminConsoleApp -
				

10:57:08.864 [main] INFO  f.p.console.PizzeriaAdminConsoleApp -
				***** Pizzeria Administration ***** 

10:57:08.864 [main] INFO  f.p.console.PizzeriaAdminConsoleApp -
				1. Lister les pizzas 
10:57:08.864 [main] INFO  f.p.console.PizzeriaAdminConsoleApp -
				2. Ajouter une nouvelle pizza 
10:57:08.864 [main] INFO  f.p.console.PizzeriaAdminConsoleApp -
				3. Mettre à jour une pizza
10:57:08.864 [main] INFO  f.p.console.PizzeriaAdminConsoleApp -
				4. Supprimer une pizza
10:57:08.864 [main] INFO  f.p.console.PizzeriaAdminConsoleApp -
				99. Sortir 
10:57:17.095 [main] INFO  f.p.console.PizzeriaAdminConsoleApp -
				

10:57:17.098 [main] INFO  f.p.console.PizzeriaAdminConsoleApp -
				***** Pizzeria Administration ***** 

10:57:17.143 [main] INFO  f.p.console.PizzeriaAdminConsoleApp -
				1. Lister les pizzas 
10:57:17.144 [main] INFO  f.p.console.PizzeriaAdminConsoleApp -
				2. Ajouter une nouvelle pizza 
10:57:17.144 [main] INFO  f.p.console.PizzeriaAdminConsoleApp -
				3. Mettre à jour une pizza
10:57:17.144 [main] INFO  f.p.console.PizzeriaAdminConsoleApp -
				4. Supprimer une pizza
10:57:17.144 [main] INFO  f.p.console.PizzeriaAdminConsoleApp -
				99. Sortir 
10:57:26.801 [main] INFO  f.p.console.PizzeriaAdminConsoleApp -
				

10:57:26.803 [main] INFO  f.p.console.PizzeriaAdminConsoleApp -
				***** Pizzeria Administration ***** 

10:57:26.803 [main] INFO  f.p.console.PizzeriaAdminConsoleApp -
				1. Lister les pizzas 
10:57:26.803 [main] INFO  f.p.console.PizzeriaAdminConsoleApp -
				2. Ajouter une nouvelle pizza 
10:57:26.803 [main] INFO  f.p.console.PizzeriaAdminConsoleApp -
				3. Mettre à jour une pizza
10:57:26.803 [main] INFO  f.p.console.PizzeriaAdminConsoleApp -
				4. Supprimer une pizza
10:57:26.803 [main] INFO  f.p.console.PizzeriaAdminConsoleApp -
				99. Sortir 
10:58:25.795 [main] INFO  f.p.console.PizzeriaAdminConsoleApp -
				

10:58:25.795 [main] INFO  f.p.console.PizzeriaAdminConsoleApp -
				***** Pizzeria Administration ***** 

10:58:25.795 [main] INFO  f.p.console.PizzeriaAdminConsoleApp -
				1. Lister les pizzas 
10:58:25.795 [main] INFO  f.p.console.PizzeriaAdminConsoleApp -
				2. Ajouter une nouvelle pizza 
10:58:25.795 [main] INFO  f.p.console.PizzeriaAdminConsoleApp -
				3. Mettre à jour une pizza
10:58:25.795 [main] INFO  f.p.console.PizzeriaAdminConsoleApp -
				4. Supprimer une pizza
10:58:25.795 [main] INFO  f.p.console.PizzeriaAdminConsoleApp -
				99. Sortir 
11:01:16.764 [main] INFO  f.p.console.PizzeriaAdminConsoleApp -
				

11:01:16.766 [main] INFO  f.p.console.PizzeriaAdminConsoleApp -
				***** Pizzeria Administration ***** 

11:01:16.766 [main] INFO  f.p.console.PizzeriaAdminConsoleApp -
				1. Lister les pizzas 
11:01:16.766 [main] INFO  f.p.console.PizzeriaAdminConsoleApp -
				2. Ajouter une nouvelle pizza 
11:01:16.766 [main] INFO  f.p.console.PizzeriaAdminConsoleApp -
				3. Mettre à jour une pizza
11:01:16.766 [main] INFO  f.p.console.PizzeriaAdminConsoleApp -
				4. Supprimer une pizza
11:01:16.766 [main] INFO  f.p.console.PizzeriaAdminConsoleApp -
				99. Sortir 
11:01:16.767 [main] DEBUG fr.pizzeria.service.AppService -
				Traitement 1 : param = valeur 1
11:01:43.838 [main] INFO  f.p.console.PizzeriaAdminConsoleApp -
				

11:01:43.840 [main] INFO  f.p.console.PizzeriaAdminConsoleApp -
				***** Pizzeria Administration ***** 

11:01:43.840 [main] INFO  f.p.console.PizzeriaAdminConsoleApp -
				1. Lister les pizzas 
11:01:43.840 [main] INFO  f.p.console.PizzeriaAdminConsoleApp -
				2. Ajouter une nouvelle pizza 
11:01:43.840 [main] INFO  f.p.console.PizzeriaAdminConsoleApp -
				3. Mettre à jour une pizza
11:01:43.840 [main] INFO  f.p.console.PizzeriaAdminConsoleApp -
				4. Supprimer une pizza
11:01:43.840 [main] INFO  f.p.console.PizzeriaAdminConsoleApp -
				99. Sortir 
11:01:43.841 [main] DEBUG fr.pizzeria.service.AppService -
				Traitement 1 : param = valeur 1
11:01:47.855 [main] INFO  f.p.console.PizzeriaAdminConsoleApp -
				

11:01:47.855 [main] INFO  f.p.console.PizzeriaAdminConsoleApp -
				***** Pizzeria Administration ***** 

11:01:47.855 [main] INFO  f.p.console.PizzeriaAdminConsoleApp -
				1. Lister les pizzas 
11:01:47.855 [main] INFO  f.p.console.PizzeriaAdminConsoleApp -
				2. Ajouter une nouvelle pizza 
11:01:47.855 [main] INFO  f.p.console.PizzeriaAdminConsoleApp -
				3. Mettre à jour une pizza
11:01:47.855 [main] INFO  f.p.console.PizzeriaAdminConsoleApp -
				4. Supprimer une pizza
11:01:47.855 [main] INFO  f.p.console.PizzeriaAdminConsoleApp -
				99. Sortir 
11:01:47.855 [main] DEBUG fr.pizzeria.service.AppService -
				Traitement 1 : param = valeur 1
11:02:00.044 [main] INFO  f.p.console.PizzeriaAdminConsoleApp -
				

11:02:00.046 [main] INFO  f.p.console.PizzeriaAdminConsoleApp -
				***** Pizzeria Administration ***** 

11:02:00.047 [main] INFO  f.p.console.PizzeriaAdminConsoleApp -
				1. Lister les pizzas 
11:02:00.047 [main] INFO  f.p.console.PizzeriaAdminConsoleApp -
				2. Ajouter une nouvelle pizza 
11:02:00.047 [main] INFO  f.p.console.PizzeriaAdminConsoleApp -
				3. Mettre à jour une pizza
11:02:00.047 [main] INFO  f.p.console.PizzeriaAdminConsoleApp -
				4. Supprimer une pizza
11:02:00.047 [main] INFO  f.p.console.PizzeriaAdminConsoleApp -
				99. Sortir 
11:02:00.047 [main] DEBUG fr.pizzeria.service.AppService -
				Traitement 1 : param = valeur 1
11:02:03.006 [main] INFO  f.p.console.PizzeriaAdminConsoleApp -
				

11:02:03.006 [main] INFO  f.p.console.PizzeriaAdminConsoleApp -
				***** Pizzeria Administration ***** 

11:02:03.006 [main] INFO  f.p.console.PizzeriaAdminConsoleApp -
				1. Lister les pizzas 
11:02:03.006 [main] INFO  f.p.console.PizzeriaAdminConsoleApp -
				2. Ajouter une nouvelle pizza 
11:02:03.006 [main] INFO  f.p.console.PizzeriaAdminConsoleApp -
				3. Mettre à jour une pizza
11:02:03.006 [main] INFO  f.p.console.PizzeriaAdminConsoleApp -
				4. Supprimer une pizza
11:02:03.006 [main] INFO  f.p.console.PizzeriaAdminConsoleApp -
				99. Sortir 
11:02:03.006 [main] DEBUG fr.pizzeria.service.AppService -
				Traitement 1 : param = valeur 1
11:02:40.338 [main] INFO  f.p.console.PizzeriaAdminConsoleApp -
				

11:02:40.340 [main] INFO  f.p.console.PizzeriaAdminConsoleApp -
				***** Pizzeria Administration ***** 

11:02:40.340 [main] INFO  f.p.console.PizzeriaAdminConsoleApp -
				1. Lister les pizzas 
11:02:40.340 [main] INFO  f.p.console.PizzeriaAdminConsoleApp -
				2. Ajouter une nouvelle pizza 
11:02:40.340 [main] INFO  f.p.console.PizzeriaAdminConsoleApp -
				3. Mettre à jour une pizza
11:02:40.341 [main] INFO  f.p.console.PizzeriaAdminConsoleApp -
				4. Supprimer une pizza
11:02:40.341 [main] INFO  f.p.console.PizzeriaAdminConsoleApp -
				99. Sortir 
11:02:40.341 [main] DEBUG fr.pizzeria.service.AppService -
				Traitement 1 : param = valeur 1
11:02:43.297 [main] INFO  f.p.console.PizzeriaAdminConsoleApp -
				

11:02:43.297 [main] INFO  f.p.console.PizzeriaAdminConsoleApp -
				***** Pizzeria Administration ***** 

11:02:43.297 [main] INFO  f.p.console.PizzeriaAdminConsoleApp -
				1. Lister les pizzas 
11:02:43.297 [main] INFO  f.p.console.PizzeriaAdminConsoleApp -
				2. Ajouter une nouvelle pizza 
11:02:43.297 [main] INFO  f.p.console.PizzeriaAdminConsoleApp -
				3. Mettre à jour une pizza
11:02:43.297 [main] INFO  f.p.console.PizzeriaAdminConsoleApp -
				4. Supprimer une pizza
11:02:43.297 [main] INFO  f.p.console.PizzeriaAdminConsoleApp -
				99. Sortir 
11:02:43.297 [main] DEBUG fr.pizzeria.service.AppService -
				Traitement 1 : param = valeur 1
11:02:52.884 [main] INFO  f.p.console.PizzeriaAdminConsoleApp -
				

11:02:52.886 [main] INFO  f.p.console.PizzeriaAdminConsoleApp -
				***** Pizzeria Administration ***** 

11:02:52.887 [main] INFO  f.p.console.PizzeriaAdminConsoleApp -
				1. Lister les pizzas 
11:02:52.887 [main] INFO  f.p.console.PizzeriaAdminConsoleApp -
				2. Ajouter une nouvelle pizza 
11:02:52.887 [main] INFO  f.p.console.PizzeriaAdminConsoleApp -
				3. Mettre à jour une pizza
11:02:52.887 [main] INFO  f.p.console.PizzeriaAdminConsoleApp -
				4. Supprimer une pizza
11:02:52.887 [main] INFO  f.p.console.PizzeriaAdminConsoleApp -
				99. Sortir 
11:02:52.887 [main] DEBUG fr.pizzeria.service.AppService -
				Traitement 1 : param = valeur 1
11:04:01.056 [main] INFO  f.p.console.PizzeriaAdminConsoleApp -
				

11:04:01.058 [main] INFO  f.p.console.PizzeriaAdminConsoleApp -
				***** Pizzeria Administration ***** 

11:04:01.058 [main] INFO  f.p.console.PizzeriaAdminConsoleApp -
				1. Lister les pizzas 
11:04:01.058 [main] INFO  f.p.console.PizzeriaAdminConsoleApp -
				2. Ajouter une nouvelle pizza 
11:04:01.058 [main] INFO  f.p.console.PizzeriaAdminConsoleApp -
				3. Mettre à jour une pizza
11:04:01.058 [main] INFO  f.p.console.PizzeriaAdminConsoleApp -
				4. Supprimer une pizza
11:04:01.058 [main] INFO  f.p.console.PizzeriaAdminConsoleApp -
				99. Sortir 
11:04:01.059 [main] DEBUG fr.pizzeria.service.AppService -
				Traitement 1 : param = valeur 1
11:04:04.137 [main] INFO  f.p.console.PizzeriaAdminConsoleApp -
				

11:04:04.137 [main] INFO  f.p.console.PizzeriaAdminConsoleApp -
				***** Pizzeria Administration ***** 

11:04:04.137 [main] INFO  f.p.console.PizzeriaAdminConsoleApp -
				1. Lister les pizzas 
11:04:04.138 [main] INFO  f.p.console.PizzeriaAdminConsoleApp -
				2. Ajouter une nouvelle pizza 
11:04:04.138 [main] INFO  f.p.console.PizzeriaAdminConsoleApp -
				3. Mettre à jour une pizza
11:04:04.138 [main] INFO  f.p.console.PizzeriaAdminConsoleApp -
				4. Supprimer une pizza
11:04:04.138 [main] INFO  f.p.console.PizzeriaAdminConsoleApp -
				99. Sortir 
11:04:04.138 [main] DEBUG fr.pizzeria.service.AppService -
				Traitement 1 : param = valeur 1
11:16:44.538 [main] INFO  f.p.console.PizzeriaAdminConsoleApp -
				

11:16:44.538 [main] INFO  f.p.console.PizzeriaAdminConsoleApp -
				***** Pizzeria Administration ***** 

11:16:44.538 [main] INFO  f.p.console.PizzeriaAdminConsoleApp -
				1. Lister les pizzas 
11:16:44.538 [main] INFO  f.p.console.PizzeriaAdminConsoleApp -
				2. Ajouter une nouvelle pizza 
11:16:44.538 [main] INFO  f.p.console.PizzeriaAdminConsoleApp -
				3. Mettre à jour une pizza
11:16:44.538 [main] INFO  f.p.console.PizzeriaAdminConsoleApp -
				4. Supprimer une pizza
11:16:44.538 [main] INFO  f.p.console.PizzeriaAdminConsoleApp -
				99. Sortir 
11:16:44.538 [main] DEBUG fr.pizzeria.service.AppService -
				Traitement 1 : param = valeur 1
11:18:58.175 [main] INFO  f.p.console.PizzeriaAdminConsoleApp -
				

11:18:58.175 [main] INFO  f.p.console.PizzeriaAdminConsoleApp -
				***** Pizzeria Administration ***** 

11:18:58.175 [main] INFO  f.p.console.PizzeriaAdminConsoleApp -
				1. Lister les pizzas 
11:18:58.175 [main] INFO  f.p.console.PizzeriaAdminConsoleApp -
				2. Ajouter une nouvelle pizza 
11:18:58.175 [main] INFO  f.p.console.PizzeriaAdminConsoleApp -
				3. Mettre à jour une pizza
11:18:58.175 [main] INFO  f.p.console.PizzeriaAdminConsoleApp -
				4. Supprimer une pizza
11:18:58.175 [main] INFO  f.p.console.PizzeriaAdminConsoleApp -
				99. Sortir 
11:18:58.175 [main] DEBUG fr.pizzeria.service.AppService -
				Traitement 1 : param = valeur 1
11:19:00.019 [main] INFO  f.p.console.PizzeriaAdminConsoleApp -
				

11:19:00.034 [main] INFO  f.p.console.PizzeriaAdminConsoleApp -
				***** Pizzeria Administration ***** 

11:19:00.034 [main] INFO  f.p.console.PizzeriaAdminConsoleApp -
				1. Lister les pizzas 
11:19:00.034 [main] INFO  f.p.console.PizzeriaAdminConsoleApp -
				2. Ajouter une nouvelle pizza 
11:19:00.034 [main] INFO  f.p.console.PizzeriaAdminConsoleApp -
				3. Mettre à jour une pizza
11:19:00.034 [main] INFO  f.p.console.PizzeriaAdminConsoleApp -
				4. Supprimer une pizza
11:19:00.034 [main] INFO  f.p.console.PizzeriaAdminConsoleApp -
				99. Sortir 
11:19:00.034 [main] DEBUG fr.pizzeria.service.AppService -
				Traitement 1 : param = valeur 1
11:19:00.034 [main] INFO  f.p.console.PizzeriaAdminConsoleApp -
				
 Aurevoir ☹

11:19:00.034 [main] DEBUG fr.pizzeria.service.AppService -
				Traitement 1 : param = valeur 1
11:20:35.667 [main] INFO  f.p.console.PizzeriaAdminConsoleApp -
				

11:20:35.683 [main] INFO  f.p.console.PizzeriaAdminConsoleApp -
				***** Pizzeria Administration ***** 

11:20:35.683 [main] INFO  f.p.console.PizzeriaAdminConsoleApp -
				1. Lister les pizzas 
11:20:35.683 [main] INFO  f.p.console.PizzeriaAdminConsoleApp -
				2. Ajouter une nouvelle pizza 
11:20:35.683 [main] INFO  f.p.console.PizzeriaAdminConsoleApp -
				3. Mettre à jour une pizza
11:20:35.683 [main] INFO  f.p.console.PizzeriaAdminConsoleApp -
				4. Supprimer une pizza
11:20:35.683 [main] INFO  f.p.console.PizzeriaAdminConsoleApp -
				99. Sortir 
11:20:35.683 [main] DEBUG fr.pizzeria.service.AppService -
				Traitement 1 : param = valeur 1
11:20:37.776 [main] INFO  f.p.console.PizzeriaAdminConsoleApp -
				
 Aurevoir ☹

11:20:37.778 [main] DEBUG fr.pizzeria.service.AppService -
				Traitement 1 : param = valeur 1
11:27:27.030 [main] INFO  f.p.console.PizzeriaAdminConsoleApp -
				

11:27:27.030 [main] INFO  f.p.console.PizzeriaAdminConsoleApp -
				***** Pizzeria Administration ***** 

11:27:27.030 [main] INFO  f.p.console.PizzeriaAdminConsoleApp -
				1. Lister les pizzas 
11:27:27.030 [main] INFO  f.p.console.PizzeriaAdminConsoleApp -
				2. Ajouter une nouvelle pizza 
11:27:27.030 [main] INFO  f.p.console.PizzeriaAdminConsoleApp -
				3. Mettre à jour une pizza
11:27:27.030 [main] INFO  f.p.console.PizzeriaAdminConsoleApp -
				4. Supprimer une pizza
11:27:27.030 [main] INFO  f.p.console.PizzeriaAdminConsoleApp -
				99. Sortir 
11:27:31.594 [main] INFO  f.p.service.AjouterPizzaService -
				
 Lister les pizzas 

11:27:31.672 [main] INFO  f.p.service.AjouterPizzaService -
				PEP -> pépéronie (12.5€) (viande)
11:27:31.734 [main] INFO  f.p.service.AjouterPizzaService -
				MAR -> margherita (14.0€) (poisson)
11:27:31.734 [main] INFO  f.p.service.AjouterPizzaService -
				REIN -> la reine (11.5€) (sans_viande)
11:27:31.734 [main] INFO  f.p.service.AjouterPizzaService -
				FRO -> la 4 fromages (12.0€) (sans_viande)
11:27:31.734 [main] INFO  f.p.service.AjouterPizzaService -
				CAN -> la cannibale (12.5€) (viande)
11:27:31.734 [main] INFO  f.p.service.AjouterPizzaService -
				SAV -> la savoyarde (13.0€) (viande)
11:27:31.734 [main] INFO  f.p.service.AjouterPizzaService -
				ORI -> l’orientale (13.5€) (poisson)
11:27:31.734 [main] INFO  f.p.service.AjouterPizzaService -
				IND -> l’indienne (14.0€) (sans_viande)
11:27:31.766 [main] INFO  f.p.console.PizzeriaAdminConsoleApp -
				

11:27:31.766 [main] INFO  f.p.console.PizzeriaAdminConsoleApp -
				***** Pizzeria Administration ***** 

11:27:31.766 [main] INFO  f.p.console.PizzeriaAdminConsoleApp -
				1. Lister les pizzas 
11:27:31.766 [main] INFO  f.p.console.PizzeriaAdminConsoleApp -
				2. Ajouter une nouvelle pizza 
11:27:31.766 [main] INFO  f.p.console.PizzeriaAdminConsoleApp -
				3. Mettre à jour une pizza
11:27:31.766 [main] INFO  f.p.console.PizzeriaAdminConsoleApp -
				4. Supprimer une pizza
11:27:31.766 [main] INFO  f.p.console.PizzeriaAdminConsoleApp -
				99. Sortir 
11:27:34.031 [main] INFO  f.p.service.AjouterPizzaService -
				
 Ajout d’une nouvelle pizza 
 
11:27:34.040 [main] INFO  f.p.service.AjouterPizzaService -
				
 Veuillez saisir le code : 
11:27:38.668 [main] INFO  f.p.service.AjouterPizzaService -
				
 Veuillez saisir le nom (sans espace) : 
11:27:41.829 [main] INFO  f.p.service.AjouterPizzaService -
				
 Veuillez saisir le prix : 
11:28:26.499 [main] INFO  f.p.console.PizzeriaAdminConsoleApp -
				

11:28:26.499 [main] INFO  f.p.console.PizzeriaAdminConsoleApp -
				***** Pizzeria Administration ***** 

11:28:26.499 [main] INFO  f.p.console.PizzeriaAdminConsoleApp -
				1. Lister les pizzas 
11:28:26.499 [main] INFO  f.p.console.PizzeriaAdminConsoleApp -
				2. Ajouter une nouvelle pizza 
11:28:26.499 [main] INFO  f.p.console.PizzeriaAdminConsoleApp -
				3. Mettre à jour une pizza
11:28:26.499 [main] INFO  f.p.console.PizzeriaAdminConsoleApp -
				4. Supprimer une pizza
11:28:26.499 [main] INFO  f.p.console.PizzeriaAdminConsoleApp -
				99. Sortir 
11:28:27.874 [main] INFO  f.p.service.AjouterPizzaService -
				
 Ajout d’une nouvelle pizza 
 
11:28:27.888 [main] INFO  f.p.service.AjouterPizzaService -
				
 Veuillez saisir le code : 
11:28:30.514 [main] INFO  f.p.service.AjouterPizzaService -
				
 Veuillez saisir le nom (sans espace) : 
11:28:33.456 [main] INFO  f.p.service.AjouterPizzaService -
				
 Veuillez saisir le prix : 
11:28:38.215 [main] INFO  f.p.service.AjouterPizzaService -
				
 Veuillez saisir la catégorie de pizza: VIANDE, SANS_VIANDE, POISSON 
11:28:42.054 [main] INFO  f.p.console.PizzeriaAdminConsoleApp -
				

11:28:42.054 [main] INFO  f.p.console.PizzeriaAdminConsoleApp -
				***** Pizzeria Administration ***** 

11:28:42.057 [main] INFO  f.p.console.PizzeriaAdminConsoleApp -
				1. Lister les pizzas 
11:28:42.057 [main] INFO  f.p.console.PizzeriaAdminConsoleApp -
				2. Ajouter une nouvelle pizza 
11:28:42.057 [main] INFO  f.p.console.PizzeriaAdminConsoleApp -
				3. Mettre à jour une pizza
11:28:42.057 [main] INFO  f.p.console.PizzeriaAdminConsoleApp -
				4. Supprimer une pizza
11:28:42.057 [main] INFO  f.p.console.PizzeriaAdminConsoleApp -
				99. Sortir 
11:29:06.788 [main] INFO  f.p.service.AjouterPizzaService -
				
 Suppression d’une pizza 

11:29:06.792 [main] INFO  f.p.service.AjouterPizzaService -
				
 Veuillez choisir le code de la pizza à supprimer 

11:29:11.753 [main] INFO  f.p.console.PizzeriaAdminConsoleApp -
				

11:29:11.767 [main] INFO  f.p.console.PizzeriaAdminConsoleApp -
				***** Pizzeria Administration ***** 

11:29:11.767 [main] INFO  f.p.console.PizzeriaAdminConsoleApp -
				1. Lister les pizzas 
11:29:11.767 [main] INFO  f.p.console.PizzeriaAdminConsoleApp -
				2. Ajouter une nouvelle pizza 
11:29:11.767 [main] INFO  f.p.console.PizzeriaAdminConsoleApp -
				3. Mettre à jour une pizza
11:29:11.767 [main] INFO  f.p.console.PizzeriaAdminConsoleApp -
				4. Supprimer une pizza
11:29:11.767 [main] INFO  f.p.console.PizzeriaAdminConsoleApp -
				99. Sortir 
11:29:15.176 [main] INFO  f.p.service.AjouterPizzaService -
				
 Lister les pizzas 

11:29:15.247 [main] INFO  f.p.service.AjouterPizzaService -
				PEP -> pépéronie (12.5€) (viande)
11:29:15.325 [main] INFO  f.p.service.AjouterPizzaService -
				MAR -> margherita (14.0€) (poisson)
11:29:15.325 [main] INFO  f.p.service.AjouterPizzaService -
				REIN -> la reine (11.5€) (sans_viande)
11:29:15.325 [main] INFO  f.p.service.AjouterPizzaService -
				FRO -> la 4 fromages (12.0€) (sans_viande)
11:29:15.325 [main] INFO  f.p.service.AjouterPizzaService -
				CAN -> la cannibale (12.5€) (viande)
11:29:15.325 [main] INFO  f.p.service.AjouterPizzaService -
				SAV -> la savoyarde (13.0€) (viande)
11:29:15.325 [main] INFO  f.p.service.AjouterPizzaService -
				ORI -> l’orientale (13.5€) (poisson)
11:29:15.325 [main] INFO  f.p.service.AjouterPizzaService -
				IND -> l’indienne (14.0€) (sans_viande)
11:29:15.357 [main] INFO  f.p.console.PizzeriaAdminConsoleApp -
				

11:29:15.357 [main] INFO  f.p.console.PizzeriaAdminConsoleApp -
				***** Pizzeria Administration ***** 

11:29:15.357 [main] INFO  f.p.console.PizzeriaAdminConsoleApp -
				1. Lister les pizzas 
11:29:15.357 [main] INFO  f.p.console.PizzeriaAdminConsoleApp -
				2. Ajouter une nouvelle pizza 
11:29:15.357 [main] INFO  f.p.console.PizzeriaAdminConsoleApp -
				3. Mettre à jour une pizza
11:29:15.357 [main] INFO  f.p.console.PizzeriaAdminConsoleApp -
				4. Supprimer une pizza
11:29:15.357 [main] INFO  f.p.console.PizzeriaAdminConsoleApp -
				99. Sortir 
11:29:19.763 [main] INFO  f.p.service.AjouterPizzaService -
				
 Mise à jour d’une pizza 

11:29:19.776 [main] INFO  f.p.service.AjouterPizzaService -
				
 Veuillez choisir le code de la pizza à modifier 

11:29:25.013 [main] INFO  f.p.service.AjouterPizzaService -
				
 Veuillez saisir le nouveau code : 
11:29:27.696 [main] INFO  f.p.service.AjouterPizzaService -
				
 Veuillez saisir le nouveau nom (sans espace) : 
11:29:32.550 [main] INFO  f.p.service.AjouterPizzaService -
				
 Veuillez saisir le nouveau prix : 
11:29:38.835 [main] INFO  f.p.service.AjouterPizzaService -
				
 Veuillez saisir la catégorie de pizza: VIANDE, SANS_VIANDE, POISSON 
11:29:45.223 [main] INFO  f.p.console.PizzeriaAdminConsoleApp -
				

11:29:45.224 [main] INFO  f.p.console.PizzeriaAdminConsoleApp -
				***** Pizzeria Administration ***** 

11:29:45.224 [main] INFO  f.p.console.PizzeriaAdminConsoleApp -
				1. Lister les pizzas 
11:29:45.224 [main] INFO  f.p.console.PizzeriaAdminConsoleApp -
				2. Ajouter une nouvelle pizza 
11:29:45.224 [main] INFO  f.p.console.PizzeriaAdminConsoleApp -
				3. Mettre à jour une pizza
11:29:45.224 [main] INFO  f.p.console.PizzeriaAdminConsoleApp -
				4. Supprimer une pizza
11:29:45.224 [main] INFO  f.p.console.PizzeriaAdminConsoleApp -
				99. Sortir 
10:32:03.338 [main] INFO  f.p.service.AjouterPizzaService -
				
 Mise à jour d’une pizza 

10:32:03.338 [main] INFO  f.p.service.AjouterPizzaService -
				
 Veuillez choisir le code de la pizza à modifier 

10:32:23.963 [main] INFO  f.p.service.AjouterPizzaService -
				
 Mise à jour d’une pizza 

10:32:23.978 [main] INFO  f.p.service.AjouterPizzaService -
				
 Veuillez choisir le code de la pizza à modifier 

10:34:20.872 [main] INFO  f.p.service.AjouterPizzaService -
				
 Mise à jour d’une pizza 

10:34:20.872 [main] INFO  f.p.service.AjouterPizzaService -
				
 Veuillez choisir le code de la pizza à modifier 

10:35:54.960 [main] INFO  f.p.service.AjouterPizzaService -
				
 Mise à jour d’une pizza 

10:35:54.960 [main] INFO  f.p.service.AjouterPizzaService -
				
 Veuillez choisir le code de la pizza à modifier 

10:41:29.067 [main] INFO  f.p.service.AjouterPizzaService -
				
 Mise à jour d’une pizza 

10:41:29.067 [main] INFO  f.p.service.AjouterPizzaService -
				
 Veuillez choisir le code de la pizza à modifier 

10:41:29.067 [main] INFO  f.p.service.AjouterPizzaService -
				
 Veuillez saisir le nouveau code : 
10:41:29.067 [main] INFO  f.p.service.AjouterPizzaService -
				
 Veuillez saisir le nouveau nom (sans espace) : 
10:41:29.067 [main] INFO  f.p.service.AjouterPizzaService -
				
 Veuillez saisir le nouveau prix : 
10:41:29.067 [main] INFO  f.p.service.AjouterPizzaService -
				
 Veuillez saisir la catégorie de pizza: VIANDE, SANS_VIANDE, POISSON 
10:43:27.328 [main] INFO  f.p.service.AjouterPizzaService -
				
 Mise à jour d’une pizza 

10:43:27.328 [main] INFO  f.p.service.AjouterPizzaService -
				
 Veuillez choisir le code de la pizza à modifier 

10:43:27.328 [main] INFO  f.p.service.AjouterPizzaService -
				
 Veuillez saisir le nouveau code : 
10:43:27.343 [main] INFO  f.p.service.AjouterPizzaService -
				
 Veuillez saisir le nouveau nom (sans espace) : 
10:43:27.343 [main] INFO  f.p.service.AjouterPizzaService -
				
 Veuillez saisir le nouveau prix : 
10:43:27.343 [main] INFO  f.p.service.AjouterPizzaService -
				
 Veuillez saisir la catégorie de pizza: VIANDE, SANS_VIANDE, POISSON 
10:44:39.393 [main] INFO  f.p.service.AjouterPizzaService -
				
 Mise à jour d’une pizza 

10:44:39.393 [main] INFO  f.p.service.AjouterPizzaService -
				
 Veuillez choisir le code de la pizza à modifier 

10:44:39.393 [main] INFO  f.p.service.AjouterPizzaService -
				
 Veuillez saisir le nouveau code : 
10:44:39.393 [main] INFO  f.p.service.AjouterPizzaService -
				
 Veuillez saisir le nouveau nom (sans espace) : 
10:44:39.393 [main] INFO  f.p.service.AjouterPizzaService -
				
 Veuillez saisir le nouveau prix : 
10:44:39.393 [main] INFO  f.p.service.AjouterPizzaService -
				
 Veuillez saisir la catégorie de pizza: VIANDE, SANS_VIANDE, POISSON 
10:45:10.992 [main] INFO  f.p.service.AjouterPizzaService -
				
 Mise à jour d’une pizza 

10:45:10.992 [main] INFO  f.p.service.AjouterPizzaService -
				
 Veuillez choisir le code de la pizza à modifier 

10:45:10.992 [main] INFO  f.p.service.AjouterPizzaService -
				
 Veuillez saisir le nouveau code : 
10:45:10.992 [main] INFO  f.p.service.AjouterPizzaService -
				
 Veuillez saisir le nouveau nom (sans espace) : 
10:45:10.992 [main] INFO  f.p.service.AjouterPizzaService -
				
 Veuillez saisir le nouveau prix : 
10:45:10.992 [main] INFO  f.p.service.AjouterPizzaService -
				
 Veuillez saisir la catégorie de pizza: VIANDE, SANS_VIANDE, POISSON 
10:59:39.308 [main] INFO  f.p.service.AjouterPizzaService -
				
 Mise à jour d’une pizza 

10:59:39.308 [main] INFO  f.p.service.AjouterPizzaService -
				
 Veuillez choisir le code de la pizza à modifier 

10:59:39.308 [main] INFO  f.p.service.AjouterPizzaService -
				
 Veuillez saisir le nouveau code : 
10:59:39.308 [main] INFO  f.p.service.AjouterPizzaService -
				
 Veuillez saisir le nouveau nom (sans espace) : 
10:59:39.308 [main] INFO  f.p.service.AjouterPizzaService -
				
 Veuillez saisir le nouveau prix : 
10:59:39.308 [main] INFO  f.p.service.AjouterPizzaService -
				
 Veuillez saisir la catégorie de pizza: VIANDE, SANS_VIANDE, POISSON 
11:00:41.502 [main] INFO  f.p.service.AjouterPizzaService -
				
 Mise à jour d’une pizza 

11:00:41.517 [main] INFO  f.p.service.AjouterPizzaService -
				
 Veuillez choisir le code de la pizza à modifier 

11:00:41.517 [main] INFO  f.p.service.AjouterPizzaService -
				
 Veuillez saisir le nouveau code : 
11:00:41.517 [main] INFO  f.p.service.AjouterPizzaService -
				
 Veuillez saisir le nouveau nom (sans espace) : 
11:00:41.517 [main] INFO  f.p.service.AjouterPizzaService -
				
 Veuillez saisir le nouveau prix : 
11:00:41.517 [main] INFO  f.p.service.AjouterPizzaService -
				
 Veuillez saisir la catégorie de pizza: VIANDE, SANS_VIANDE, POISSON 
11:12:09.487 [main] INFO  monlogger -
				Bijour
11:12:09.877 [main] INFO  f.p.service.AjouterPizzaService -
				
 Mise à jour d’une pizza 

11:12:09.877 [main] INFO  f.p.service.AjouterPizzaService -
				
 Veuillez choisir le code de la pizza à modifier 

11:12:09.877 [main] INFO  f.p.service.AjouterPizzaService -
				
 Veuillez saisir le nouveau code : 
11:13:03.395 [main] INFO  monlogger -
				Bijour
11:13:03.754 [main] INFO  f.p.service.AjouterPizzaService -
				
 Mise à jour d’une pizza 

11:13:03.754 [main] INFO  f.p.service.AjouterPizzaService -
				
 Veuillez choisir le code de la pizza à modifier 

11:13:03.754 [main] INFO  f.p.service.AjouterPizzaService -
				
 Veuillez saisir le nouveau code : 
11:13:03.754 [main] INFO  f.p.service.AjouterPizzaService -
				
 Veuillez saisir le nouveau nom (sans espace) : 
11:13:03.754 [main] INFO  f.p.service.AjouterPizzaService -
				
 Veuillez saisir le nouveau prix : 
11:13:03.754 [main] INFO  f.p.service.AjouterPizzaService -
				
 Veuillez saisir la catégorie de pizza: VIANDE, SANS_VIANDE, POISSON 
11:13:30.965 [main] INFO  monlogger -
				Bijour
11:13:31.340 [main] INFO  f.p.service.AjouterPizzaService -
				
 Mise à jour d’une pizza 

11:13:31.340 [main] INFO  f.p.service.AjouterPizzaService -
				
 Veuillez choisir le code de la pizza à modifier 

11:13:31.340 [main] INFO  f.p.service.AjouterPizzaService -
				
 Veuillez saisir le nouveau code : 
11:13:31.340 [main] INFO  f.p.service.AjouterPizzaService -
				
 Veuillez saisir le nouveau nom (sans espace) : 
11:13:31.340 [main] INFO  f.p.service.AjouterPizzaService -
				
 Veuillez saisir le nouveau prix : 
11:13:31.340 [main] INFO  f.p.service.AjouterPizzaService -
				
 Veuillez saisir la catégorie de pizza: VIANDE, SANS_VIANDE, POISSON 
11:14:54.858 [main] INFO  monlogger -
				Bijour
11:14:55.295 [main] INFO  f.p.service.AjouterPizzaService -
				
 Mise à jour d’une pizza 

11:14:55.295 [main] INFO  f.p.service.AjouterPizzaService -
				
 Veuillez choisir le code de la pizza à modifier 

11:14:55.295 [main] INFO  f.p.service.AjouterPizzaService -
				
 Veuillez saisir le nouveau code : 
11:14:55.295 [main] INFO  f.p.service.AjouterPizzaService -
				
 Veuillez saisir le nouveau nom (sans espace) : 
11:14:55.295 [main] INFO  f.p.service.AjouterPizzaService -
				
 Veuillez saisir le nouveau prix : 
11:14:55.295 [main] INFO  f.p.service.AjouterPizzaService -
				
 Veuillez saisir la catégorie de pizza: VIANDE, SANS_VIANDE, POISSON 
11:15:16.567 [main] INFO  monlogger -
				Bijour
11:15:16.958 [main] INFO  f.p.service.AjouterPizzaService -
				
 Mise à jour d’une pizza 

11:15:16.958 [main] INFO  f.p.service.AjouterPizzaService -
				
 Veuillez choisir le code de la pizza à modifier 

11:15:16.958 [main] INFO  f.p.service.AjouterPizzaService -
				
 Veuillez saisir le nouveau code : 
11:15:16.958 [main] INFO  f.p.service.AjouterPizzaService -
				
 Veuillez saisir le nouveau nom (sans espace) : 
11:15:16.958 [main] INFO  f.p.service.AjouterPizzaService -
				
 Veuillez saisir le nouveau prix : 
11:15:16.958 [main] INFO  f.p.service.AjouterPizzaService -
				
 Veuillez saisir la catégorie de pizza: VIANDE, SANS_VIANDE, POISSON 
11:16:54.055 [main] INFO  monlogger -
				Bijour
11:17:42.790 [main] INFO  monlogger -
				Bijour
11:18:57.903 [main] INFO  monlogger -
				Bijour
11:20:01.984 [main] INFO  monlogger -
				Bijour
11:22:16.635 [main] INFO  monlogger -
				Bijour
11:22:34.288 [main] INFO  f.p.service.AjouterPizzaService -
				
 Ajout d’une nouvelle pizza 
 
11:22:34.288 [main] INFO  f.p.service.AjouterPizzaService -
				
 Veuillez saisir le code : 
11:22:34.288 [main] INFO  f.p.service.AjouterPizzaService -
				
 Veuillez saisir le nom (sans espace) : 
11:28:07.341 [main] INFO  monlogger -
				Bijour
11:29:07.435 [main] INFO  monlogger -
				Bijour
11:31:35.662 [main] INFO  monlogger -
				Bijour
11:31:36.068 [main] INFO  f.p.service.AjouterPizzaService -
				
 Mise à jour d’une pizza 

11:31:36.068 [main] INFO  f.p.service.AjouterPizzaService -
				
 Veuillez choisir le code de la pizza à modifier 

11:31:36.068 [main] INFO  f.p.service.AjouterPizzaService -
				
 Veuillez saisir le nouveau code : 
11:31:36.068 [main] INFO  f.p.service.AjouterPizzaService -
				
 Veuillez saisir le nouveau nom (sans espace) : 
11:31:36.068 [main] INFO  f.p.service.AjouterPizzaService -
				
 Veuillez saisir le nouveau prix : 
11:31:36.068 [main] INFO  f.p.service.AjouterPizzaService -
				
 Veuillez saisir la catégorie de pizza: VIANDE, SANS_VIANDE, POISSON 
